0 info it worked if it ends with ok
1 verbose cli [ 'C:\\Program Files\\nodejs\\node.exe',
1 verbose cli   'C:\\Program Files\\nodejs\\node_modules\\npm\\bin\\npm-cli.js',
1 verbose cli   'start' ]
2 info using npm@3.10.9
3 info using node@v7.2.0
4 verbose run-script [ 'prestart', 'start', 'poststart' ]
5 info lifecycle light-bootstrap-dashboard-react@1.1.0~prestart: light-bootstrap-dashboard-react@1.1.0
6 silly lifecycle light-bootstrap-dashboard-react@1.1.0~prestart: no script for prestart, continuing
7 info lifecycle light-bootstrap-dashboard-react@1.1.0~start: light-bootstrap-dashboard-react@1.1.0
8 verbose lifecycle light-bootstrap-dashboard-react@1.1.0~start: unsafe-perm in lifecycle true
9 verbose lifecycle light-bootstrap-dashboard-react@1.1.0~start: PATH: C:\Program Files\nodejs\node_modules\npm\bin\node-gyp-bin;M:\mygit\alcbotta.github.io.dev\node_modules\.bin;C:\Program Files\Docker\Docker\Resources\bin;C:\Program Files (x86)\ActiveState Komodo Edit 10\;C:\Program Files\NVIDIA GPU Computing Toolkit\CUDA\v8.0\bin;C:\Program Files\NVIDIA GPU Computing Toolkit\CUDA\v8.0\libnvvp;C:\ProgramData\Oracle\Java\javapath;C:\Program Files\Broadcom\Broadcom 802.11 Network Adapter;C:\Program Files\Broadcom\Broadcom 802.11;C:\Program Files (x86)\Intel\iCLS Client\;C:\Program Files\Intel\iCLS Client\;C:\WINDOWS\system32;C:\WINDOWS;C:\WINDOWS\System32\Wbem;C:\WINDOWS\System32\WindowsPowerShell\v1.0\;C:\Program Files\Hewlett-Packard\SimplePass\;C:\Program Files\Common Files\Autodesk Shared\;C:\Program Files (x86)\Autodesk\Backburner\;C:\Program Files\Intel\Intel(R) Management Engine Components\DAL;C:\Program Files\Intel\Intel(R) Management Engine Components\IPT;C:\Program Files\MiKTeX 2.9\miktex\bin\x64\;C:\Users\User\Downloads\android-ndk-r10e;C:\Program Files (x86)\NVIDIA Corporation\PhysX\Common;C:\Program Files\mingw-w64\x86_64-5.4.0-posix-seh-rt_v5-rev0\mingw64\bin;C:\Program Files\CMake\bin;C:\Program Files\TortoiseGit\bin;C:\Users\User\.dnx\bin;C:\Program Files\Microsoft DNX\Dnvm\;C:\Program Files\Microsoft SQL Server\120\Tools\Binn\;C:\Program Files\Microsoft SQL Server\130\Tools\Binn\;C:\Program Files (x86)\CPPAN;C:\Program Files (x86)\Microsoft Visual Studio 14.0\VC\bin;C:\Users\User\Downloads\apache-maven-3.3.9\bin;C:\Program Files\nodejs\;C:\Program Files\MySQL\MySQL Utilities 1.6\;C:\Program Files (x86)\Windows Live\Shared;C:\Program Files\Anaconda3;C:\Program Files\Anaconda3\Scripts;C:\Program Files\Anaconda3\Library\bin;C:\Program Files\Oracle\VirtualBox;C:\Program Files (x86)\Windows Kits\10\Windows Performance Toolkit\;C:\Program Files\Anaconda3;C:\Users\User\Downloads\Projects\Deep Learning\OpenBLAS-v0.2.14-Win64-int32\bin;C:\Users\User\Downloads\ffmpeg-20170308-3016e91-win64-static\bin;C:\Program Files (x86)\Skype\Phone\;C:\Program Files (x86)\Tesseract-OCR;C:\Program Files\MATLAB\R2017a\runtime\win64;C:\Program Files\MATLAB\R2017a\bin;C:\WINDOWS\system32;M:\Downloads\apache-maven-3.5.2\bin;C:\Program Files\MATLAB\R2017a\bin;C:\WINDOWS\system32;C:\WINDOWS;C:\WINDOWS\System32\Wbem;C:\WINDOWS\System32\WindowsPowerShell\v1.0\;C:\Program Files (x86)\Sennheiser\SoftphoneSDK\;C:\Program Files\Java\jdk1.8.0_111\bin;%JAVA_JRE\bin%;;C:\Program Files\Microsoft\Web Platform Installer\;C:\Program Files (x86)\Microsoft SDKs\Azure\CLI\wbin;C:\Program Files\Microsoft Service Fabric\bin\Fabric\Fabric.Code;C:\Program Files\Microsoft SDKs\Service Fabric\Tools\ServiceFabricLocalClusterManager;C:\Users\User\AppData\Local\Microsoft\WindowsApps;;C:\Users\User\.lein\bin;C:\Users\User\AppData\Roaming\npm;C:\Program Files\Microsoft VS Code\bin
10 verbose lifecycle light-bootstrap-dashboard-react@1.1.0~start: CWD: M:\mygit\alcbotta.github.io.dev
11 silly lifecycle light-bootstrap-dashboard-react@1.1.0~start: Args: [ '/d /s /c', 'npm-run-all -p watch-css start-js' ]
12 verbose stack Error: kill ENOSYS
12 verbose stack     at exports._errnoException (util.js:1022:11)
12 verbose stack     at process.kill (internal/process.js:173:13)
12 verbose stack     at process.listener (C:\Program Files\nodejs\node_modules\npm\node_modules\npmlog\node_modules\gauge\node_modules\signal-exit\index.js:86:15)
12 verbose stack     at emitNone (events.js:91:20)
12 verbose stack     at process.emit (events.js:185:7)
12 verbose stack     at processEmit (C:\Program Files\nodejs\node_modules\npm\node_modules\npmlog\node_modules\gauge\node_modules\signal-exit\index.js:146:32)
12 verbose stack     at processEmit (C:\Program Files\nodejs\node_modules\npm\node_modules\npm-registry-client\node_modules\npmlog\node_modules\gauge\node_modules\signal-exit\index.js:146:32)
12 verbose stack     at Signal.wrap.onsignal (internal/process.js:200:44)
13 verbose cwd M:\mygit\alcbotta.github.io.dev
14 error Windows_NT 10.0.15063
15 error argv "C:\\Program Files\\nodejs\\node.exe" "C:\\Program Files\\nodejs\\node_modules\\npm\\bin\\npm-cli.js" "start"
16 error node v7.2.0
17 error npm  v3.10.9
18 error code ENOSYS
19 error errno ENOSYS
20 error syscall kill
21 error kill ENOSYS
22 error If you need help, you may report this error at:
22 error     <https://github.com/npm/npm/issues>
23 verbose exit [ 1, true ]
